[Wed, 24 Aug 2022 11:25:07 +0300](str): uploads/63/437/
[Wed, 24 Aug 2022 11:25:07 +0300](str): путь до кэша W:\userdata\php_upload\php3316.tmp
[Wed, 24 Aug 2022 11:25:07 +0300](str): путь до аплода C:\Users/Никита/Downloads/OpenServer/domains/shopnews/private_files/uploads/63/437/instrukciya-po-zapusku-ca_1661329507.docx
[Wed, 24 Aug 2022 11:25:07 +0300](str): название файла uploads/63/437/instrukciya-po-zapusku-ca_1661329507.docx
[Wed, 24 Aug 2022 11:25:07 +0300](str): File 
[Wed, 24 Aug 2022 11:25:07 +0300](str): 
[Wed, 24 Aug 2022 11:55:11 +0300](str): uploads/63/437/
[Wed, 24 Aug 2022 11:55:11 +0300](str): путь до кэша W:\userdata\php_upload\phpB90C.tmp
[Wed, 24 Aug 2022 11:55:11 +0300](str): путь до аплода C:\Users/Никита/Downloads/OpenServer/domains/shopnews/private_files/uploads/63/437/instrukciya-po-zapusku-ca_1661331310.docx
[Wed, 24 Aug 2022 11:55:11 +0300](str): название файла uploads/63/437/instrukciya-po-zapusku-ca_1661331310.docx
[Wed, 24 Aug 2022 11:55:11 +0300](str): File 
[Wed, 24 Aug 2022 11:55:11 +0300](str): 
[Wed, 24 Aug 2022 11:59:25 +0300](str): uploads/63/437/
[Wed, 24 Aug 2022 11:59:25 +0300](str): путь до кэша W:\userdata\php_upload\php9A76.tmp
[Wed, 24 Aug 2022 11:59:25 +0300](str): путь до аплода C:\Users/Никита/Downloads/OpenServer/domains/shopnews/private_files/uploads/63/437/instrukciya-po-zapusku-ca_1661331565.docx
[Wed, 24 Aug 2022 11:59:25 +0300](str): название файла uploads/63/437/instrukciya-po-zapusku-ca_1661331565.docx
[Wed, 24 Aug 2022 11:59:25 +0300](str): File 
[Wed, 24 Aug 2022 11:59:25 +0300](str): instrukciya-po-zapusku-ca_1661331565.docx
[Wed, 24 Aug 2022 12:00:49 +0300](str): uploads/63/437/
[Wed, 24 Aug 2022 12:00:49 +0300](str): путь до кэша W:\userdata\php_upload\phpE1BC.tmp
[Wed, 24 Aug 2022 12:00:49 +0300](str): путь до аплода C:\Users/Никита/Downloads/OpenServer/domains/shopnews/private_files/uploads/63/437/instrukciya-po-zapusku-ca_1661331648.docx
[Wed, 24 Aug 2022 12:00:49 +0300](str): название файла uploads/63/437/instrukciya-po-zapusku-ca_1661331648.docx
[Wed, 24 Aug 2022 12:08:49 +0300](str): uploads/63/437/
[Wed, 24 Aug 2022 12:08:49 +0300](str): путь до кэша W:\userdata\php_upload\php351B.tmp
[Wed, 24 Aug 2022 12:08:49 +0300](str): путь до аплода C:\Users/Никита/Downloads/OpenServer/domains/shopnews/web/files/uploads/63/437/instrukciya-po-zapusku-ca_1661332128.docx
[Wed, 24 Aug 2022 12:08:49 +0300](str): название файла uploads/63/437/instrukciya-po-zapusku-ca_1661332128.docx
[Wed, 24 Aug 2022 12:12:17 +0300](str): files/63/437/
[Wed, 24 Aug 2022 12:12:17 +0300](str): путь до кэша W:\userdata\php_upload\php62B5.tmp
[Wed, 24 Aug 2022 12:12:17 +0300](str): путь до аплода C:\Users/Никита/Downloads/OpenServer/domains/shopnews/web/files/files/63/437/instrukciya-po-zapusku-ca_1661332337.docx
[Wed, 24 Aug 2022 12:12:17 +0300](str): название файла files/63/437/instrukciya-po-zapusku-ca_1661332337.docx
[Wed, 24 Aug 2022 12:12:32 +0300](str): /63/437/
[Wed, 24 Aug 2022 12:12:32 +0300](str): путь до кэша W:\userdata\php_upload\php9D8D.tmp
[Wed, 24 Aug 2022 12:12:32 +0300](str): путь до аплода C:\Users/Никита/Downloads/OpenServer/domains/shopnews/web/files//63/437/instrukciya-po-zapusku-ca_1661332352.docx
[Wed, 24 Aug 2022 12:12:32 +0300](str): название файла /63/437/instrukciya-po-zapusku-ca_1661332352.docx
[Wed, 24 Aug 2022 12:12:54 +0300](str): 63/437/
[Wed, 24 Aug 2022 12:12:54 +0300](str): путь до кэша W:\userdata\php_upload\phpF226.tmp
[Wed, 24 Aug 2022 12:12:54 +0300](str): путь до аплода C:\Users/Никита/Downloads/OpenServer/domains/shopnews/web/files/63/437/instrukciya-po-zapusku-ca_1661332373.docx
[Wed, 24 Aug 2022 12:12:54 +0300](str): название файла 63/437/instrukciya-po-zapusku-ca_1661332373.docx
[Wed, 24 Aug 2022 12:17:15 +0300](str): uploads/63/437/
[Wed, 24 Aug 2022 12:17:15 +0300](str): путь до кэша W:\userdata\php_upload\phpEFE1.tmp
[Wed, 24 Aug 2022 12:17:15 +0300](str): путь до аплода C:\Users/Никита/Downloads/OpenServer/domains/shopnews/private_files/uploads/63/437/instrukciya-po-zapusku-ca_1661332635.docx
[Wed, 24 Aug 2022 12:17:15 +0300](str): название файла uploads/63/437/instrukciya-po-zapusku-ca_1661332635.docx
[Wed, 24 Aug 2022 12:26:47 +0300](str): uploads/63/437/
[Wed, 24 Aug 2022 12:26:47 +0300](str): путь до кэша W:\userdata\php_upload\phpA793.tmp
[Wed, 24 Aug 2022 12:26:47 +0300](str): путь до аплода C:\Users/Никита/Downloads/OpenServer/domains/shopnews/private_files/uploads/63/437/instrukciya-po-zapusku-ca_1661333206.docx
[Wed, 24 Aug 2022 12:26:47 +0300](str): название файла uploads/63/437/instrukciya-po-zapusku-ca_1661333206.docx
[Wed, 24 Aug 2022 12:29:20 +0300](str): uploads/63/437/
[Wed, 24 Aug 2022 12:29:20 +0300](str): путь до кэша W:\userdata\php_upload\phpFCAF.tmp
[Wed, 24 Aug 2022 12:29:20 +0300](str): путь до аплода C:\Users/Никита/Downloads/OpenServer/domains/shopnews/private_files/uploads/63/437/instrukciya-po-zapusku-ca_1661333359.docx
[Wed, 24 Aug 2022 12:29:20 +0300](str): название файла uploads/63/437/instrukciya-po-zapusku-ca_1661333359.docx
[Wed, 24 Aug 2022 12:30:08 +0300](str): uploads/63/437/
[Wed, 24 Aug 2022 12:30:08 +0300](str): путь до кэша W:\userdata\php_upload\phpBB3E.tmp
[Wed, 24 Aug 2022 12:30:08 +0300](str): путь до аплода C:\Users/Никита/Downloads/OpenServer/domains/shopnews/private_files/uploads/63/437/instrukciya-po-zapusku-ca_1661333408.docx
[Wed, 24 Aug 2022 12:30:08 +0300](str): название файла uploads/63/437/instrukciya-po-zapusku-ca_1661333408.docx
[Wed, 24 Aug 2022 12:30:57 +0300](str): uploads/63/437/
[Wed, 24 Aug 2022 12:30:57 +0300](str): путь до кэша W:\userdata\php_upload\php79EB.tmp
[Wed, 24 Aug 2022 12:30:57 +0300](str): путь до аплода C:\Users/Никита/Downloads/OpenServer/domains/shopnews/private_files/uploads/63/437/instrukciya-po-zapusku-ca_1661333457.docx
[Wed, 24 Aug 2022 12:30:57 +0300](str): название файла uploads/63/437/instrukciya-po-zapusku-ca_1661333457.docx
[Wed, 24 Aug 2022 12:32:30 +0300](str): uploads/63/437/
[Wed, 24 Aug 2022 12:32:30 +0300](str): путь до кэша W:\userdata\php_upload\phpE37F.tmp
[Wed, 24 Aug 2022 12:32:30 +0300](str): путь до аплода C:\Users/Никита/Downloads/OpenServer/domains/shopnews/private_files/uploads/63/437/instrukciya-po-zapusku-ca_1661333549.docx
[Wed, 24 Aug 2022 12:32:30 +0300](str): название файла uploads/63/437/instrukciya-po-zapusku-ca_1661333549.docx
[Wed, 24 Aug 2022 12:35:08 +0300](str): uploads/63/437/
[Wed, 24 Aug 2022 12:35:08 +0300](str): путь до кэша W:\userdata\php_upload\php4EA4.tmp
[Wed, 24 Aug 2022 12:35:08 +0300](str): путь до аплода C:\Users/Никита/Downloads/OpenServer/domains/shopnews/private_files/uploads/63/437/instrukciya-po-zapusku-ca_1661333708.docx
[Wed, 24 Aug 2022 12:35:08 +0300](str): название файла uploads/63/437/instrukciya-po-zapusku-ca_1661333708.docx
[Wed, 24 Aug 2022 12:35:08 +0300](str): Пути до файлов
[Wed, 24 Aug 2022 12:35:08 +0300](str): C:\Users/Никита/Downloads/OpenServer/domains/shopnews/private_files/uploads/63/437/
[Wed, 24 Aug 2022 12:35:08 +0300](str): C:\Users/Никита/Downloads/OpenServer/domains/shopnews/web/files/C:\Users/Никита/Downloads/OpenServer/domains/shopnews/private_files/uploads/63/437/
[Wed, 24 Aug 2022 12:35:08 +0300](str): C:\Users/Никита/Downloads/OpenServer/domains/shopnews/C:\Users/Никита/Downloads/OpenServer/domains/shopnews/web/C:\Users/Никита/Downloads/OpenServer/domains/shopnews/web/files/C:\Users/Никита/Downloads/OpenServer/domains/shopnews/private_files/uploads/63/437/
[Wed, 24 Aug 2022 12:36:15 +0300](str): uploads/63/437/
[Wed, 24 Aug 2022 12:36:15 +0300](str): путь до кэша W:\userdata\php_upload\php545D.tmp
[Wed, 24 Aug 2022 12:36:15 +0300](str): путь до аплода C:\Users/Никита/Downloads/OpenServer/domains/shopnews/private_files/uploads/63/437/instrukciya-po-zapusku-ca_1661333775.docx
[Wed, 24 Aug 2022 12:36:15 +0300](str): название файла uploads/63/437/instrukciya-po-zapusku-ca_1661333775.docx
[Wed, 24 Aug 2022 12:36:15 +0300](str): Пути до файлов
[Wed, 24 Aug 2022 12:36:15 +0300](str): C:\Users/Никита/Downloads/OpenServer/domains/shopnews/private_files/uploads/63/437/
[Wed, 24 Aug 2022 12:36:15 +0300](str): C:\Users/Никита/Downloads/OpenServer/domains/shopnews/web/files/C:\Users/Никита/Downloads/OpenServer/domains/shopnews/private_files/uploads/63/437/
[Wed, 24 Aug 2022 12:36:15 +0300](str): C:\Users/Никита/Downloads/OpenServer/domains/shopnews/C:\Users/Никита/Downloads/OpenServer/domains/shopnews/web/C:\Users/Никита/Downloads/OpenServer/domains/shopnews/web/files/C:\Users/Никита/Downloads/OpenServer/domains/shopnews/private_files/uploads/63/437/
[Wed, 24 Aug 2022 12:36:50 +0300](str): uploads/63/437/
[Wed, 24 Aug 2022 12:36:50 +0300](str): путь до кэша W:\userdata\php_upload\phpDB02.tmp
[Wed, 24 Aug 2022 12:36:50 +0300](str): путь до аплода C:\Users/Никита/Downloads/OpenServer/domains/shopnews/private_files/uploads/63/437/instrukciya-po-zapusku-ca_1661333809.docx
[Wed, 24 Aug 2022 12:36:50 +0300](str): название файла uploads/63/437/instrukciya-po-zapusku-ca_1661333809.docx
[Wed, 24 Aug 2022 12:36:50 +0300](str): Пути до файлов
[Wed, 24 Aug 2022 12:36:50 +0300](str): C:\Users/Никита/Downloads/OpenServer/domains/shopnews/private_files/uploads/63/437/
[Wed, 24 Aug 2022 12:36:50 +0300](str): C:\Users/Никита/Downloads/OpenServer/domains/shopnews/web/files/C:\Users/Никита/Downloads/OpenServer/domains/shopnews/private_files/uploads/63/437/
[Wed, 24 Aug 2022 12:36:50 +0300](str): C:\Users/Никита/Downloads/OpenServer/domains/shopnews/web/C:\Users/Никита/Downloads/OpenServer/domains/shopnews/web/files/C:\Users/Никита/Downloads/OpenServer/domains/shopnews/private_files/uploads/63/437/
[Wed, 24 Aug 2022 12:37:38 +0300](str): uploads/63/437/
[Wed, 24 Aug 2022 12:37:38 +0300](str): путь до кэша W:\userdata\php_upload\php9877.tmp
[Wed, 24 Aug 2022 12:37:38 +0300](str): путь до аплода C:\Users/Никита/Downloads/OpenServer/domains/shopnews/private_files/uploads/63/437/instrukciya-po-zapusku-ca_1661333858.docx
[Wed, 24 Aug 2022 12:37:38 +0300](str): название файла uploads/63/437/instrukciya-po-zapusku-ca_1661333858.docx
[Wed, 24 Aug 2022 12:37:38 +0300](str): Пути до файлов
[Wed, 24 Aug 2022 12:37:38 +0300](str): C:\Users/Никита/Downloads/OpenServer/domains/shopnews/private_files/uploads/63/437/
[Wed, 24 Aug 2022 12:37:38 +0300](str): C:\Users/Никита/Downloads/OpenServer/domains/shopnews/web/files/uploads/63/437/
[Wed, 24 Aug 2022 12:37:38 +0300](str): C:\Users/Никита/Downloads/OpenServer/domains/shopnews/web/C:\Users/Никита/Downloads/OpenServer/domains/shopnews/web/files/uploads/63/437/
[Wed, 24 Aug 2022 12:38:47 +0300](str): uploads/63/437/
[Wed, 24 Aug 2022 12:38:47 +0300](str): путь до кэша W:\userdata\php_upload\phpA62F.tmp
[Wed, 24 Aug 2022 12:38:47 +0300](str): путь до аплода C:\Users/Никита/Downloads/OpenServer/domains/shopnews/private_files/uploads/63/437/instrukciya-po-zapusku-ca_1661333927.docx
[Wed, 24 Aug 2022 12:38:47 +0300](str): название файла uploads/63/437/instrukciya-po-zapusku-ca_1661333927.docx
[Wed, 24 Aug 2022 12:38:47 +0300](str): Пути до файлов
[Wed, 24 Aug 2022 12:38:47 +0300](str): C:\Users/Никита/Downloads/OpenServer/domains/shopnews/private_files/uploads/63/437/
[Wed, 24 Aug 2022 12:38:47 +0300](str): C:\Users/Никита/Downloads/OpenServer/domains/shopnews/web/files/uploads/63/437/
[Wed, 24 Aug 2022 12:38:47 +0300](str): C:\Users/Никита/Downloads/OpenServer/domains/shopnews/web/C:\Users/Никита/Downloads/OpenServer/domains/shopnews/web/files/uploads/63/437/
[Wed, 24 Aug 2022 12:39:30 +0300](str): uploads/63/437/
[Wed, 24 Aug 2022 12:39:30 +0300](str): путь до кэша W:\userdata\php_upload\php4F80.tmp
[Wed, 24 Aug 2022 12:39:30 +0300](str): путь до аплода C:\Users/Никита/Downloads/OpenServer/domains/shopnews/private_files/uploads/63/437/instrukciya-po-zapusku-ca_1661333970.docx
[Wed, 24 Aug 2022 12:39:30 +0300](str): название файла uploads/63/437/instrukciya-po-zapusku-ca_1661333970.docx
[Wed, 24 Aug 2022 12:39:30 +0300](str): Пути до файлов
[Wed, 24 Aug 2022 12:39:30 +0300](str): C:\Users/Никита/Downloads/OpenServer/domains/shopnews/private_files/uploads/63/437/
[Wed, 24 Aug 2022 12:39:30 +0300](str): C:\Users/Никита/Downloads/OpenServer/domains/shopnews/web/files/uploads/63/437/
[Wed, 24 Aug 2022 12:39:30 +0300](str): C:\Users/Никита/Downloads/OpenServer/domains/shopnews/web/C:\Users/Никита/Downloads/OpenServer/domains/shopnews/web/files/uploads/63/437/
[Wed, 24 Aug 2022 12:41:30 +0300](str): uploads/63/437/
[Wed, 24 Aug 2022 12:41:30 +0300](str): путь до кэша W:\userdata\php_upload\php22CA.tmp
[Wed, 24 Aug 2022 12:41:30 +0300](str): путь до аплода C:\Users/Никита/Downloads/OpenServer/domains/shopnews/private_files/uploads/63/437/instrukciya-po-zapusku-ca_1661334090.docx
[Wed, 24 Aug 2022 12:41:30 +0300](str): название файла uploads/63/437/instrukciya-po-zapusku-ca_1661334090.docx
[Wed, 24 Aug 2022 12:41:52 +0300](str): uploads/63/437/
[Wed, 24 Aug 2022 12:41:52 +0300](str): путь до кэша W:\userdata\php_upload\php765A.tmp
[Wed, 24 Aug 2022 12:41:52 +0300](str): путь до аплода C:\Users/Никита/Downloads/OpenServer/domains/shopnews/private_files/uploads/63/437/instrukciya-po-zapusku-ca_1661334111.docx
[Wed, 24 Aug 2022 12:41:52 +0300](str): название файла uploads/63/437/instrukciya-po-zapusku-ca_1661334111.docx
[Wed, 24 Aug 2022 12:41:52 +0300](str): Пути до файлов
[Wed, 24 Aug 2022 12:41:52 +0300](str): C:\Users/Никита/Downloads/OpenServer/domains/shopnews/private_files/uploads/63/437/
[Wed, 24 Aug 2022 12:41:52 +0300](str): C:\Users/Никита/Downloads/OpenServer/domains/shopnews/web/files/uploads/63/437/
[Wed, 24 Aug 2022 12:41:52 +0300](str): C:\Users/Никита/Downloads/OpenServer/domains/shopnews/web/C:\Users/Никита/Downloads/OpenServer/domains/shopnews/web/files/uploads/63/437/
[Wed, 24 Aug 2022 12:42:25 +0300](str): uploads/63/437/
[Wed, 24 Aug 2022 12:42:25 +0300](str): путь до кэша W:\userdata\php_upload\phpFA11.tmp
[Wed, 24 Aug 2022 12:42:25 +0300](str): путь до аплода C:\Users/Никита/Downloads/OpenServer/domains/shopnews/private_files/uploads/63/437/instrukciya-po-zapusku-ca_1661334145.docx
[Wed, 24 Aug 2022 12:42:25 +0300](str): название файла uploads/63/437/instrukciya-po-zapusku-ca_1661334145.docx
[Wed, 24 Aug 2022 12:42:33 +0300](str): uploads/63/437/
[Wed, 24 Aug 2022 12:42:33 +0300](str): путь до кэша W:\userdata\php_upload\php1943.tmp
[Wed, 24 Aug 2022 12:42:33 +0300](str): путь до аплода C:\Users/Никита/Downloads/OpenServer/domains/shopnews/private_files/uploads/63/437/instrukciya-po-zapusku-ca_1661334153.docx
[Wed, 24 Aug 2022 12:42:33 +0300](str): название файла uploads/63/437/instrukciya-po-zapusku-ca_1661334153.docx
[Wed, 24 Aug 2022 12:42:33 +0300](str): Пути до файлов
[Wed, 24 Aug 2022 12:42:33 +0300](str): C:\Users/Никита/Downloads/OpenServer/domains/shopnews/private_files/uploads/63/437/
[Wed, 24 Aug 2022 12:42:33 +0300](str): C:\Users/Никита/Downloads/OpenServer/domains/shopnews/web/files/uploads/63/437/
[Wed, 24 Aug 2022 12:42:33 +0300](str): C:\Users/Никита/Downloads/OpenServer/domains/shopnews/web/C:\Users/Никита/Downloads/OpenServer/domains/shopnews/web/files/uploads/63/437/
